TN:
SF:src/index.ts
FNF:1
FNH:0
DA:1,56
DA:3,24
DA:4,33
DA:5,24
DA:13,0
DA:14,0
DA:15,0
DA:16,0
DA:17,0
DA:18,0
DA:19,0
LF:22
LH:4
end_of_record
TN:
SF:src/shape/arabic.ts
FNF:14
FNH:0
DA:1,744
DA:49,0
DA:50,0
DA:51,0
DA:52,0
DA:53,0
DA:62,0
DA:71,0
DA:80,0
DA:89,0
DA:100,0
DA:101,0
DA:102,0
DA:103,0
DA:104,0
DA:105,0
DA:106,0
DA:107,0
DA:108,0
DA:109,0
DA:110,0
DA:111,0
DA:123,0
DA:124,0
DA:125,0
DA:126,0
DA:127,0
DA:128,0
DA:129,0
DA:130,0
DA:131,0
DA:132,0
DA:133,0
DA:134,0
DA:135,0
DA:147,0
DA:148,0
DA:149,0
DA:150,0
DA:151,0
DA:152,0
DA:153,0
DA:165,0
DA:166,0
DA:167,0
DA:168,0
DA:169,0
DA:170,0
DA:171,0
DA:172,0
DA:173,0
DA:174,0
DA:175,0
DA:176,0
DA:185,0
DA:186,0
DA:187,0
DA:188,0
DA:189,0
DA:190,0
DA:191,0
DA:192,0
DA:193,0
DA:194,0
DA:195,0
DA:196,0
DA:197,0
DA:198,0
DA:199,0
DA:200,0
DA:201,0
DA:213,0
DA:214,0
DA:215,0
DA:216,0
DA:217,0
DA:218,0
DA:219,0
DA:220,0
DA:230,0
DA:231,0
DA:232,0
DA:233,0
DA:234,0
DA:235,0
DA:236,0
DA:237,0
DA:238,0
DA:239,0
DA:240,0
DA:241,0
DA:242,0
DA:243,0
DA:244,0
DA:245,0
DA:246,0
DA:247,0
DA:248,0
DA:249,0
DA:250,0
DA:251,0
DA:252,0
DA:253,0
DA:254,0
DA:255,0
DA:256,0
DA:257,0
DA:258,0
DA:259,0
DA:260,0
DA:261,0
DA:262,0
DA:263,0
DA:264,0
DA:265,0
DA:266,0
DA:267,0
DA:268,0
DA:269,0
DA:270,0
DA:271,0
DA:272,0
DA:273,0
DA:274,0
DA:275,0
DA:276,0
DA:277,0
DA:278,0
DA:279,0
DA:280,0
DA:281,0
DA:282,0
DA:283,0
DA:284,0
DA:285,0
DA:286,0
DA:287,0
DA:288,0
DA:289,0
DA:290,0
DA:291,0
DA:301,0
DA:302,0
DA:303,0
DA:304,0
DA:305,0
DA:306,0
DA:307,0
DA:308,0
DA:309,0
DA:310,0
DA:311,0
DA:312,0
DA:313,0
DA:314,0
DA:315,0
DA:316,0
DA:317,0
DA:318,0
DA:319,0
DA:320,0
DA:321,0
DA:322,0
DA:323,0
DA:324,0
DA:325,0
DA:326,0
DA:327,0
DA:328,0
DA:329,0
DA:330,0
DA:331,0
DA:332,0
DA:333,0
DA:334,0
DA:335,0
DA:336,0
DA:337,0
DA:338,0
DA:339,0
DA:340,0
DA:341,0
DA:342,0
DA:343,0
DA:344,0
DA:345,0
DA:346,0
DA:347,0
DA:348,0
DA:349,0
DA:350,0
DA:351,0
DA:352,0
DA:353,0
DA:354,0
DA:355,0
DA:356,0
DA:357,0
DA:358,0
DA:359,0
DA:360,0
DA:361,0
DA:362,0
DA:363,0
DA:364,0
DA:365,0
DA:366,0
DA:367,0
DA:368,0
DA:369,0
DA:370,0
DA:371,0
DA:372,0
DA:373,0
DA:374,0
DA:375,0
DA:376,0
DA:377,0
DA:378,0
DA:379,0
DA:380,0
DA:381,0
DA:382,0
DA:383,0
DA:384,0
DA:385,0
DA:386,0
DA:387,0
DA:388,0
DA:389,0
DA:390,0
DA:391,0
DA:392,0
DA:393,0
DA:394,0
DA:395,0
DA:396,0
DA:397,0
DA:398,0
DA:399,0
DA:400,0
DA:401,0
DA:402,0
DA:403,0
DA:404,0
DA:405,0
DA:406,0
DA:407,0
DA:408,0
DA:409,0
DA:410,0
DA:411,0
DA:412,0
DA:413,0
DA:414,0
DA:415,0
DA:416,0
DA:417,0
DA:418,0
DA:419,0
DA:420,0
DA:421,0
DA:422,0
DA:423,0
DA:424,0
DA:425,0
DA:426,0
DA:427,0
DA:428,1
DA:437,0
DA:438,0
DA:439,0
DA:440,0
DA:441,0
DA:442,0
DA:443,0
DA:444,0
DA:445,0
DA:446,0
DA:447,0
DA:448,0
DA:449,0
DA:450,0
DA:451,0
DA:452,0
DA:453,0
DA:454,0
DA:455,0
DA:456,0
DA:457,0
DA:458,0
DA:459,0
DA:460,0
DA:461,0
DA:462,0
DA:463,0
DA:464,0
DA:465,0
DA:466,0
DA:467,0
DA:468,0
DA:469,0
DA:470,0
DA:471,0
DA:472,0
DA:473,0
DA:474,0
DA:475,0
DA:476,0
DA:477,0
DA:478,0
DA:479,0
DA:480,0
DA:481,0
DA:482,0
DA:483,0
DA:484,0
DA:485,0
DA:486,0
DA:487,0
DA:488,0
DA:489,0
DA:490,0
DA:491,0
DA:492,0
DA:493,0
DA:494,0
DA:495,0
DA:496,0
DA:497,0
DA:498,0
DA:499,0
DA:500,0
DA:501,0
DA:502,0
DA:503,0
DA:504,0
DA:505,0
DA:506,0
DA:507,0
DA:508,0
DA:509,0
DA:510,0
DA:511,0
DA:512,0
DA:513,0
DA:514,0
DA:515,0
DA:516,0
DA:517,0
DA:518,0
DA:519,0
DA:520,0
DA:521,0
DA:522,0
DA:523,0
DA:524,0
DA:525,0
DA:526,0
DA:527,0
DA:528,0
DA:529,0
DA:530,0
DA:531,0
DA:532,0
DA:533,0
DA:534,0
DA:535,0
DA:536,0
DA:537,0
DA:538,0
DA:539,0
DA:540,0
DA:541,0
DA:542,0
DA:543,0
DA:544,0
DA:545,0
DA:546,0
DA:547,0
DA:548,0
DA:549,0
LF:552
LH:2
end_of_record
TN:
SF:src/shape/index.ts
FNF:3
FNH:0
DA:1,43
DA:2,39
DA:3,95
DA:5,25
DA:6,27
DA:13,0
DA:14,0
DA:15,0
DA:16,0
DA:17,0
DA:18,0
DA:19,1
DA:26,0
DA:27,1
DA:37,0
DA:38,0
DA:39,0
DA:40,0
DA:41,0
DA:42,0
DA:43,0
DA:44,0
DA:45,0
DA:46,0
DA:47,0
DA:48,0
DA:49,0
DA:50,0
DA:51,0
DA:52,0
DA:53,0
DA:54,0
DA:55,0
DA:56,0
DA:57,0
DA:58,0
DA:59,0
DA:60,0
DA:61,0
DA:62,0
DA:63,0
LF:66
LH:7
end_of_record
TN:
SF:src/shape/internal.ts
FNF:2
FNH:0
DA:44,50
DA:45,14
DA:60,56
DA:61,52
DA:62,54
DA:63,46
DA:64,46
DA:65,52
DA:66,50
DA:67,54
DA:68,54
DA:70,68
DA:71,66
DA:72,70
DA:73,76
DA:74,78
DA:75,80
DA:76,0
DA:77,0
DA:78,0
DA:79,0
DA:80,0
DA:81,0
DA:82,0
DA:83,0
DA:84,0
DA:85,0
DA:86,0
DA:87,0
DA:88,0
DA:89,0
DA:90,0
DA:91,0
DA:92,0
DA:93,0
DA:94,0
DA:95,0
DA:96,0
DA:97,0
DA:98,0
DA:99,0
DA:100,0
DA:101,0
DA:102,0
DA:103,0
DA:104,0
DA:105,0
DA:106,0
DA:107,0
DA:108,0
DA:109,0
DA:110,0
DA:111,0
DA:112,0
DA:113,0
DA:114,0
DA:115,0
DA:116,0
DA:117,0
DA:118,0
DA:119,7
DA:121,2
DA:126,88
DA:132,80
DA:137,100
DA:144,76
DA:149,104
DA:156,74
DA:161,116
DA:168,78
DA:181,84
DA:184,82
DA:188,84
DA:191,96
DA:198,102
DA:204,102
DA:207,106
DA:210,90
DA:213,76
DA:216,78
DA:219,84
DA:226,116
DA:229,78
DA:232,74
DA:237,78
DA:242,78
DA:253,98
DA:263,100
DA:266,86
DA:269,78
DA:272,78
DA:275,100
DA:278,94
DA:281,86
DA:288,96
DA:290,98
DA:292,106
DA:298,102
DA:303,104
DA:305,112
DA:318,98
DA:323,82
DA:336,108
DA:340,92
DA:351,90
DA:360,86
DA:368,92
DA:377,116
DA:381,88
DA:403,132
DA:407,122
DA:409,60
DA:410,94
DA:411,126
DA:412,62
DA:413,102
DA:414,94
DA:415,124
DA:427,100
DA:431,96
DA:433,68
DA:434,16
DA:435,12
DA:436,4
DA:438,68
DA:439,14
DA:440,14
DA:441,14
DA:442,14
DA:443,14
DA:444,14
DA:445,14
DA:446,10
DA:447,4
DA:449,66
DA:450,8
DA:451,8
DA:452,8
DA:453,8
DA:454,8
DA:455,8
DA:456,8
DA:457,8
DA:458,8
DA:459,8
DA:460,8
DA:461,8
DA:462,8
DA:463,8
DA:464,8
DA:465,4
DA:466,4
DA:468,88
DA:469,8
DA:470,8
DA:471,8
DA:472,8
DA:473,8
DA:474,8
DA:475,8
DA:476,8
DA:477,8
DA:478,8
DA:479,8
DA:480,8
DA:481,8
DA:482,4
DA:483,4
DA:485,52
DA:486,14
DA:487,14
DA:488,14
DA:489,14
DA:490,14
DA:491,14
DA:492,14
DA:493,14
DA:494,14
DA:495,16
DA:496,16
DA:497,16
DA:498,16
DA:499,16
DA:500,16
DA:501,16
DA:502,16
DA:503,16
DA:504,16
DA:505,16
DA:506,16
DA:507,16
DA:508,16
DA:509,16
DA:510,16
DA:511,8
DA:512,8
DA:513,8
DA:514,8
DA:515,8
DA:516,8
DA:517,16
DA:518,16
DA:519,16
DA:520,16
DA:521,16
DA:522,16
DA:523,16
DA:524,16
DA:525,16
DA:526,16
DA:527,12
DA:528,12
DA:529,12
DA:530,12
DA:531,12
DA:532,12
DA:533,12
DA:534,12
DA:535,14
DA:536,14
DA:537,14
DA:538,12
DA:539,8
DA:540,8
DA:541,8
DA:542,8
DA:543,8
DA:544,16
DA:545,16
DA:546,16
DA:547,16
DA:548,8
DA:549,8
DA:550,8
DA:551,8
DA:552,8
DA:553,8
DA:554,8
DA:555,8
DA:556,8
DA:557,8
DA:558,8
DA:559,8
DA:560,8
DA:561,8
DA:562,8
DA:563,8
DA:564,14
DA:565,8
DA:566,10
DA:567,10
DA:568,8
DA:569,10
DA:570,8
DA:571,8
DA:572,8
DA:573,14
DA:574,14
DA:575,12
DA:576,8
DA:577,8
DA:578,14
DA:579,8
DA:580,8
DA:581,8
DA:582,8
DA:583,8
DA:584,8
DA:585,8
DA:586,16
DA:587,8
DA:588,16
DA:589,8
DA:590,8
DA:591,8
DA:592,16
DA:593,16
DA:594,16
DA:595,8
DA:596,8
DA:597,16
DA:598,8
DA:599,8
DA:600,8
DA:601,8
DA:602,8
DA:603,8
DA:604,16
DA:605,8
DA:606,8
DA:607,8
DA:608,8
DA:609,8
DA:610,8
DA:611,8
DA:612,8
DA:613,8
DA:614,8
DA:615,8
DA:616,8
DA:617,8
DA:618,8
DA:619,8
DA:620,8
DA:621,16
DA:622,8
DA:623,8
DA:624,8
DA:625,8
DA:626,8
DA:627,16
DA:628,8
DA:629,8
DA:630,8
DA:631,8
DA:632,8
DA:633,8
DA:634,8
DA:635,8
DA:636,8
DA:637,8
DA:638,16
DA:639,16
DA:640,8
DA:641,8
DA:642,16
DA:643,8
DA:644,16
DA:645,16
DA:646,8
DA:647,8
DA:648,8
DA:649,16
DA:650,16
DA:651,16
DA:652,16
DA:653,16
DA:654,8
DA:655,16
DA:656,16
DA:657,8
DA:658,8
DA:659,8
DA:660,16
DA:661,8
DA:662,16
DA:663,12
DA:664,4
DA:666,56
DA:668,8
DA:669,8
DA:670,8
DA:671,8
DA:672,8
DA:673,8
DA:674,8
DA:675,8
DA:676,8
DA:677,8
DA:678,8
DA:679,8
DA:680,8
DA:681,8
DA:682,8
DA:683,8
DA:684,8
DA:685,8
DA:686,8
DA:687,8
DA:688,8
DA:689,8
DA:690,8
DA:691,8
DA:692,8
DA:693,8
DA:694,8
DA:695,8
DA:696,8
DA:697,8
DA:698,8
DA:699,8
DA:700,8
DA:701,8
DA:702,8
DA:703,8
DA:704,8
DA:705,8
DA:706,8
DA:707,8
DA:708,8
DA:709,8
DA:710,8
DA:711,8
DA:712,8
DA:713,8
DA:714,8
DA:715,8
DA:716,8
DA:717,8
DA:718,8
DA:719,8
DA:720,8
DA:721,8
DA:722,8
DA:723,8
DA:724,8
DA:725,8
DA:726,8
DA:727,8
DA:728,8
DA:729,8
DA:730,8
DA:731,8
DA:732,8
DA:733,8
DA:734,8
DA:735,8
DA:736,8
DA:737,8
DA:738,8
DA:739,8
DA:740,8
DA:741,8
DA:742,8
DA:743,8
DA:744,8
DA:745,8
DA:746,8
DA:747,8
DA:748,8
DA:749,8
DA:750,8
DA:751,8
DA:752,8
DA:753,8
DA:754,8
DA:755,8
DA:756,8
DA:757,8
DA:758,8
DA:759,8
DA:760,8
DA:761,8
DA:762,8
DA:763,8
DA:764,8
DA:765,8
DA:766,8
DA:767,8
DA:768,8
DA:769,8
DA:770,8
DA:771,8
DA:772,8
DA:773,8
DA:774,8
DA:775,8
DA:776,8
DA:777,8
DA:778,8
DA:779,8
DA:780,8
DA:781,8
DA:782,8
DA:783,8
DA:784,8
DA:785,8
DA:786,8
DA:787,8
DA:788,8
DA:789,8
DA:790,8
DA:791,8
DA:792,8
DA:793,8
DA:794,8
DA:795,8
DA:796,8
DA:797,8
DA:798,8
DA:799,8
DA:800,8
DA:801,8
DA:802,8
DA:803,8
DA:804,8
DA:805,8
DA:806,8
DA:807,8
DA:808,8
DA:809,8
DA:810,8
DA:811,8
DA:812,8
DA:813,8
DA:814,8
DA:815,8
DA:816,8
DA:817,8
DA:818,8
DA:819,8
DA:820,8
DA:821,8
DA:822,8
DA:823,8
DA:824,8
DA:825,8
DA:826,8
DA:827,8
DA:828,8
DA:829,8
DA:830,8
DA:831,8
DA:832,8
DA:833,8
DA:834,8
DA:835,8
DA:836,8
DA:837,8
DA:838,8
DA:839,8
DA:840,8
DA:841,8
DA:842,8
DA:843,8
DA:844,8
DA:845,8
DA:846,8
DA:847,8
DA:848,8
DA:849,8
DA:850,8
DA:851,8
DA:852,8
DA:853,8
DA:854,8
DA:855,8
DA:856,8
DA:857,8
DA:858,8
DA:859,8
DA:860,8
DA:861,8
DA:862,8
DA:863,8
DA:864,8
DA:865,8
DA:866,8
DA:867,8
DA:868,8
DA:869,8
DA:870,8
DA:871,8
DA:872,8
DA:873,8
DA:874,8
DA:875,8
DA:876,8
DA:877,8
DA:878,8
DA:879,8
DA:880,8
DA:881,8
DA:882,8
DA:883,8
DA:884,8
DA:885,8
DA:886,8
DA:887,8
DA:888,8
DA:889,8
DA:890,8
DA:891,8
DA:892,8
DA:893,8
DA:894,8
DA:895,8
DA:896,8
DA:897,8
DA:898,8
DA:899,8
DA:900,8
DA:901,8
DA:902,8
DA:903,8
DA:904,8
DA:905,8
DA:906,8
DA:907,8
DA:908,8
DA:909,8
DA:910,8
DA:911,8
DA:912,8
DA:913,8
DA:914,8
DA:915,8
DA:916,8
DA:917,8
DA:918,8
DA:919,8
DA:920,8
DA:921,8
DA:922,8
DA:923,8
DA:924,8
DA:925,8
DA:926,8
DA:927,8
DA:928,8
DA:929,8
DA:930,8
DA:931,8
DA:932,8
DA:933,8
DA:934,8
DA:935,8
DA:936,8
DA:937,8
DA:938,8
DA:939,8
DA:940,8
DA:941,8
DA:942,4
DA:943,4
DA:945,56
DA:947,8
DA:948,8
DA:949,8
DA:950,8
DA:951,8
DA:952,8
DA:953,8
DA:954,8
DA:955,8
DA:956,8
DA:957,8
DA:958,8
DA:959,8
DA:960,8
DA:961,8
DA:962,8
DA:963,8
DA:964,8
DA:965,8
DA:966,8
DA:967,8
DA:968,8
DA:969,8
DA:970,8
DA:971,8
DA:972,8
DA:973,8
DA:974,8
DA:975,8
DA:976,8
DA:977,8
DA:978,8
DA:979,8
DA:980,8
DA:981,8
DA:982,8
DA:983,8
DA:984,8
DA:985,8
DA:986,8
DA:987,8
DA:988,8
DA:989,8
DA:990,8
DA:991,8
DA:992,8
DA:993,8
DA:994,8
DA:995,8
DA:996,8
DA:997,8
DA:998,8
DA:999,8
DA:1000,8
DA:1001,8
DA:1002,8
DA:1003,8
DA:1004,8
DA:1005,8
DA:1006,8
DA:1007,8
DA:1008,8
DA:1009,8
DA:1010,8
DA:1011,8
DA:1012,8
DA:1013,8
DA:1014,8
DA:1015,8
DA:1016,8
DA:1017,8
DA:1018,8
DA:1019,8
DA:1020,8
DA:1021,8
DA:1022,8
DA:1023,8
DA:1024,8
DA:1025,8
DA:1026,8
DA:1027,8
DA:1028,8
DA:1029,8
DA:1030,8
DA:1031,8
DA:1032,8
DA:1033,8
DA:1034,8
DA:1035,8
DA:1036,8
DA:1037,8
DA:1038,8
DA:1039,8
DA:1040,8
DA:1041,8
DA:1042,8
DA:1043,8
DA:1044,8
DA:1045,8
DA:1046,8
DA:1047,8
DA:1048,8
DA:1049,8
DA:1050,8
DA:1051,8
DA:1052,8
DA:1053,8
DA:1054,8
DA:1055,8
DA:1056,8
DA:1057,8
DA:1058,8
DA:1059,8
DA:1060,8
DA:1061,8
DA:1062,8
DA:1063,8
DA:1064,8
DA:1065,8
DA:1066,8
DA:1067,8
DA:1068,8
DA:1069,8
DA:1070,8
DA:1071,8
DA:1072,8
DA:1073,8
DA:1074,8
DA:1075,8
DA:1076,8
DA:1077,8
DA:1078,8
DA:1079,8
DA:1080,8
DA:1081,8
DA:1082,8
DA:1083,8
DA:1084,8
DA:1085,8
DA:1086,8
DA:1087,8
DA:1088,8
DA:1089,8
DA:1090,4
DA:1091,4
DA:1093,64
DA:1095,14
DA:1096,14
DA:1097,14
DA:1098,14
DA:1099,14
DA:1100,14
DA:1101,14
DA:1102,14
DA:1103,14
DA:1104,14
DA:1105,8
DA:1106,8
DA:1107,8
DA:1108,8
DA:1109,14
DA:1110,14
DA:1111,14
DA:1112,14
DA:1113,8
DA:1114,8
DA:1115,8
DA:1116,8
DA:1117,14
DA:1118,14
DA:1119,14
DA:1120,14
DA:1121,8
DA:1122,8
DA:1123,8
DA:1124,8
DA:1125,8
DA:1126,8
DA:1127,8
DA:1128,8
DA:1129,8
DA:1130,8
DA:1131,8
DA:1132,8
DA:1133,8
DA:1134,8
DA:1135,8
DA:1136,8
DA:1137,14
DA:1138,14
DA:1139,14
DA:1140,14
DA:1141,8
DA:1142,8
DA:1143,8
DA:1144,8
DA:1145,14
DA:1146,14
DA:1147,14
DA:1148,14
DA:1149,14
DA:1150,14
DA:1151,14
DA:1152,14
DA:1153,14
DA:1154,14
DA:1155,14
DA:1156,14
DA:1157,14
DA:1158,14
DA:1159,14
DA:1160,14
DA:1161,14
DA:1162,14
DA:1163,14
DA:1164,14
DA:1165,8
DA:1166,8
DA:1167,8
DA:1168,8
DA:1169,8
DA:1170,8
DA:1171,8
DA:1172,8
DA:1173,14
DA:1174,14
DA:1175,14
DA:1176,14
DA:1177,14
DA:1178,14
DA:1179,14
DA:1180,14
DA:1181,14
DA:1182,14
DA:1183,14
DA:1184,14
DA:1185,14
DA:1186,14
DA:1187,14
DA:1188,14
DA:1189,14
DA:1190,14
DA:1191,14
DA:1192,14
DA:1193,8
DA:1194,8
DA:1195,8
DA:1196,8
DA:1197,8
DA:1198,8
DA:1199,8
DA:1200,8
DA:1201,8
DA:1202,8
DA:1203,8
DA:1204,8
DA:1205,8
DA:1206,8
DA:1207,8
DA:1208,8
DA:1209,8
DA:1210,8
DA:1211,8
DA:1212,8
DA:1213,8
DA:1214,8
DA:1215,8
DA:1216,8
DA:1217,8
DA:1218,8
DA:1219,8
DA:1220,8
DA:1221,8
DA:1222,8
DA:1223,8
DA:1224,8
DA:1225,8
DA:1226,8
DA:1227,8
DA:1228,8
DA:1229,8
DA:1230,14
DA:1231,14
DA:1232,14
DA:1233,14
DA:1234,14
DA:1235,14
DA:1236,8
DA:1237,14
DA:1238,14
DA:1239,14
DA:1240,14
DA:1241,14
DA:1242,14
DA:1243,14
DA:1244,14
DA:1245,14
DA:1246,14
DA:1247,8
DA:1248,8
DA:1249,8
DA:1250,8
DA:1251,8
DA:1252,8
DA:1253,8
DA:1254,8
DA:1255,8
DA:1256,8
DA:1257,8
DA:1258,8
DA:1259,8
DA:1260,8
DA:1261,8
DA:1262,8
DA:1263,8
DA:1264,8
DA:1265,8
DA:1266,8
DA:1267,14
DA:1268,14
DA:1269,14
DA:1270,10
DA:1271,4
DA:1273,64
DA:1275,14
DA:1276,14
DA:1277,14
DA:1278,14
DA:1279,14
DA:1280,14
DA:1281,14
DA:1282,14
DA:1283,14
DA:1284,14
DA:1285,14
DA:1286,14
DA:1287,14
DA:1288,14
DA:1289,14
DA:1290,14
DA:1291,14
DA:1292,14
DA:1293,14
DA:1294,14
DA:1295,14
DA:1296,14
DA:1297,14
DA:1298,14
DA:1299,14
DA:1300,14
DA:1301,14
DA:1302,14
DA:1303,14
DA:1304,14
DA:1305,14
DA:1306,14
DA:1307,14
DA:1308,14
DA:1309,14
DA:1310,14
DA:1311,14
DA:1312,14
DA:1313,14
DA:1314,14
DA:1315,14
DA:1316,14
DA:1317,14
DA:1318,14
DA:1319,14
DA:1320,14
DA:1321,14
DA:1322,14
DA:1323,14
DA:1324,14
DA:1325,14
DA:1326,14
DA:1327,14
DA:1328,14
DA:1329,14
DA:1330,14
DA:1331,14
DA:1332,14
DA:1333,14
DA:1334,14
DA:1335,14
DA:1336,14
DA:1337,14
DA:1338,14
DA:1339,14
DA:1340,14
DA:1341,14
DA:1342,14
DA:1343,14
DA:1344,14
DA:1345,14
DA:1346,14
DA:1347,14
DA:1348,14
DA:1349,14
DA:1350,14
DA:1351,14
DA:1352,14
DA:1353,14
DA:1354,14
DA:1355,14
DA:1356,14
DA:1357,14
DA:1358,14
DA:1359,14
DA:1360,14
DA:1361,14
DA:1362,14
DA:1363,14
DA:1364,14
DA:1365,14
DA:1366,14
DA:1367,14
DA:1368,14
DA:1369,14
DA:1370,14
DA:1371,14
DA:1372,14
DA:1373,14
DA:1374,14
DA:1375,14
DA:1376,14
DA:1377,14
DA:1378,14
DA:1379,14
DA:1380,14
DA:1381,14
DA:1382,14
DA:1383,14
DA:1384,14
DA:1385,14
DA:1386,14
DA:1387,14
DA:1388,14
DA:1389,14
DA:1390,14
DA:1391,14
DA:1392,14
DA:1393,14
DA:1394,14
DA:1395,14
DA:1396,14
DA:1397,14
DA:1398,14
DA:1399,14
DA:1400,14
DA:1401,14
DA:1402,14
DA:1403,14
DA:1404,14
DA:1405,14
DA:1406,14
DA:1407,14
DA:1408,14
DA:1409,14
DA:1410,14
DA:1411,14
DA:1412,14
DA:1413,14
DA:1414,14
DA:1415,10
DA:1416,4
DA:1418,116
DA:1420,58
DA:1421,10
DA:1422,34
DA:1423,34
DA:1424,34
DA:1425,28
DA:1426,8
DA:1427,10
DA:1428,34
DA:1429,34
DA:1430,34
DA:1431,28
DA:1432,8
DA:1433,10
DA:1434,34
DA:1435,34
DA:1436,34
DA:1437,28
DA:1438,8
DA:1439,10
DA:1440,34
DA:1441,34
DA:1442,34
DA:1443,28
DA:1444,4
DA:1445,4
DA:1447,190
DA:1449,74
DA:1451,80
DA:1453,168
DA:1454,52
DA:1456,3
LF:1457
LH:1082
end_of_record
TN:
SF:src/textShaperWasm.ts
FNF:10
FNH:10
DA:1,102
DA:2,79
DA:21,1
DA:23,27
DA:24,144
DA:25,106
DA:26,28
DA:32,83
DA:33,60
DA:34,100
DA:35,84
DA:36,199
DA:38,10
DA:39,14
DA:48,87
DA:49,116
DA:50,88
DA:52,82
DA:54,54
DA:56,74
DA:57,70
DA:58,38
DA:59,49
DA:67,35
DA:68,92
DA:69,61
DA:77,35
DA:78,92
DA:79,61
DA:87,32
DA:88,54
DA:89,74
DA:90,90
DA:91,128
DA:93,70
DA:94,140
DA:96,27
DA:105,36
DA:106,70
DA:107,116
DA:108,76
DA:109,114
DA:111,29
DA:119,42
DA:120,140
DA:121,67
DA:128,26
DA:129,96
DA:130,171
DA:131,104
DA:132,9
DA:133,50
DA:135,2
DA:142,51
DA:143,72
DA:144,68
DA:145,72
DA:146,142
DA:148,41
LF:150
LH:59
end_of_record
TN:
SF:src/uShaper.wasm.ts
FNF:1
FNH:1
DA:1,46913
LF:2
LH:1
end_of_record
TN:
SF:src/ubidi/index.ts
FNF:5
FNH:0
DA:1,162
DA:3,54
DA:18,0
DA:19,0
DA:20,0
DA:21,0
DA:22,5
DA:29,0
DA:30,29
DA:37,0
DA:38,20
DA:45,0
DA:46,50
DA:48,2
DA:59,0
DA:60,0
DA:61,0
DA:62,0
DA:63,0
DA:64,0
DA:65,0
DA:66,0
DA:67,0
DA:68,0
DA:69,0
DA:70,0
DA:71,0
DA:72,0
DA:73,0
DA:74,0
DA:75,0
DA:76,0
DA:77,0
DA:78,0
DA:79,0
DA:80,0
DA:81,0
DA:82,0
DA:83,0
DA:84,0
DA:85,0
DA:86,0
DA:87,0
DA:88,0
DA:89,0
DA:90,0
DA:91,0
DA:92,0
DA:93,0
DA:94,0
DA:95,0
DA:96,0
DA:97,0
DA:98,0
DA:99,0
DA:100,0
DA:101,0
DA:102,0
DA:103,0
DA:104,0
DA:105,0
DA:106,0
DA:107,0
DA:108,0
DA:109,0
DA:110,0
DA:111,0
DA:112,0
DA:113,0
DA:114,0
DA:115,0
DA:116,0
DA:117,0
DA:118,0
DA:119,0
DA:120,0
DA:121,0
DA:122,0
DA:123,0
DA:124,0
DA:125,0
DA:126,0
DA:127,0
DA:128,0
DA:129,0
DA:130,0
DA:131,0
DA:132,0
DA:133,0
DA:134,0
DA:135,0
DA:136,0
DA:137,0
DA:138,0
DA:139,0
DA:140,0
DA:141,0
DA:142,0
DA:143,0
DA:144,0
DA:145,0
DA:146,0
DA:147,0
DA:148,0
DA:149,0
DA:150,0
DA:151,0
DA:152,0
DA:153,0
DA:154,0
DA:155,0
DA:156,0
DA:157,0
DA:158,0
DA:159,0
DA:160,0
DA:161,0
DA:162,0
DA:163,0
DA:164,0
DA:165,0
DA:166,0
DA:167,0
DA:168,0
DA:169,0
DA:170,0
DA:171,0
DA:172,0
DA:173,0
DA:174,16
LF:176
LH:8
end_of_record
TN:
SF:src/ubidi/internal.ts
FNF:8
FNH:0
DA:4,29
DA:5,11
DA:6,11
DA:7,11
DA:8,11
DA:9,11
DA:10,11
DA:11,13
DA:12,13
DA:13,13
DA:14,13
DA:15,16
DA:16,16
DA:17,16
DA:18,16
DA:19,16
DA:20,16
DA:21,15
DA:22,15
DA:23,15
DA:24,16
DA:25,16
DA:26,16
DA:27,16
DA:28,16
DA:29,16
DA:30,15
DA:31,15
DA:32,15
DA:33,15
DA:34,15
DA:35,15
DA:36,15
DA:37,15
DA:38,15
DA:39,15
DA:40,15
DA:41,16
DA:42,16
DA:43,16
DA:44,16
DA:45,16
DA:46,16
DA:47,16
DA:48,16
DA:49,16
DA:50,16
DA:51,16
DA:52,14
DA:53,2
DA:60,0
DA:61,0
DA:62,0
DA:63,0
DA:64,0
DA:65,0
DA:66,0
DA:67,0
DA:68,0
DA:69,1
DA:73,29
DA:74,15
DA:75,15
DA:76,15
DA:77,15
DA:78,15
DA:79,15
DA:80,15
DA:81,15
DA:82,15
DA:83,15
DA:84,15
DA:85,15
DA:86,15
DA:87,15
DA:88,15
DA:89,15
DA:90,15
DA:91,15
DA:92,15
DA:93,15
DA:94,15
DA:95,15
DA:96,15
DA:97,15
DA:98,15
DA:99,15
DA:100,15
DA:101,15
DA:102,15
DA:103,15
DA:104,15
DA:105,17
DA:106,17
DA:107,17
DA:108,17
DA:109,17
DA:110,17
DA:111,17
DA:112,17
DA:113,17
DA:114,17
DA:115,17
DA:116,17
DA:117,17
DA:118,15
DA:119,2
DA:127,0
DA:128,0
DA:129,0
DA:130,0
DA:131,1
DA:136,25
DA:137,10
DA:138,11
DA:139,11
DA:140,11
DA:141,11
DA:142,13
DA:143,13
DA:144,13
DA:145,13
DA:146,13
DA:147,13
DA:148,13
DA:149,13
DA:150,13
DA:151,13
DA:152,13
DA:153,13
DA:154,13
DA:155,13
DA:156,13
DA:157,13
DA:158,13
DA:159,13
DA:160,13
DA:161,13
DA:162,15
DA:163,15
DA:164,15
DA:165,15
DA:166,15
DA:167,15
DA:168,15
DA:169,15
DA:170,15
DA:171,15
DA:172,15
DA:173,15
DA:174,15
DA:175,15
DA:176,15
DA:177,15
DA:178,15
DA:179,15
DA:180,15
DA:181,15
DA:182,15
DA:183,15
DA:184,15
DA:185,15
DA:186,15
DA:187,15
DA:188,15
DA:189,15
DA:190,15
DA:191,15
DA:192,15
DA:193,15
DA:194,15
DA:195,15
DA:196,15
DA:197,15
DA:198,15
DA:199,15
DA:200,15
DA:201,15
DA:202,15
DA:203,15
DA:204,15
DA:205,15
DA:206,15
DA:207,15
DA:208,15
DA:209,15
DA:210,15
DA:211,15
DA:212,15
DA:213,15
DA:214,15
DA:215,15
DA:216,15
DA:217,15
DA:218,16
DA:219,17
DA:220,17
DA:221,17
DA:222,17
DA:223,17
DA:224,17
DA:225,17
DA:226,17
DA:227,17
DA:228,17
DA:229,17
DA:230,17
DA:231,17
DA:232,17
DA:233,17
DA:234,17
DA:235,17
DA:236,17
DA:237,17
DA:238,17
DA:239,17
DA:240,17
DA:241,17
DA:242,17
DA:243,17
DA:244,17
DA:245,17
DA:246,17
DA:247,17
DA:248,17
DA:249,17
DA:250,17
DA:251,17
DA:252,17
DA:253,17
DA:254,17
DA:255,17
DA:256,17
DA:257,17
DA:258,17
DA:259,17
DA:260,17
DA:261,17
DA:262,17
DA:263,17
DA:264,17
DA:265,17
DA:266,17
DA:267,17
DA:268,17
DA:269,17
DA:270,17
DA:271,17
DA:272,17
DA:273,15
DA:274,2
DA:282,0
DA:283,0
DA:284,0
DA:285,0
DA:286,1
DA:289,22
DA:290,9
DA:291,11
DA:292,11
DA:293,11
DA:294,13
DA:295,13
DA:296,13
DA:297,13
DA:298,13
DA:299,13
DA:300,13
DA:301,15
DA:302,15
DA:303,15
DA:304,15
DA:305,15
DA:306,15
DA:307,15
DA:308,15
DA:309,15
DA:310,15
DA:311,15
DA:312,15
DA:313,15
DA:314,15
DA:315,15
DA:316,15
DA:317,15
DA:318,15
DA:319,15
DA:320,15
DA:321,15
DA:322,15
DA:323,15
DA:324,15
DA:325,15
DA:326,15
DA:327,15
DA:328,15
DA:329,15
DA:330,15
DA:331,15
DA:332,15
DA:333,15
DA:334,15
DA:335,15
DA:336,15
DA:337,15
DA:338,15
DA:339,15
DA:340,15
DA:341,15
DA:342,15
DA:343,15
DA:344,15
DA:345,15
DA:346,15
DA:347,15
DA:348,15
DA:349,15
DA:350,15
DA:351,15
DA:352,15
DA:353,15
DA:354,15
DA:355,15
DA:356,15
DA:357,15
DA:358,15
DA:359,15
DA:360,15
DA:361,15
DA:362,15
DA:363,15
DA:364,15
DA:365,15
DA:366,15
DA:367,15
DA:368,15
DA:369,15
DA:370,15
DA:371,15
DA:372,15
DA:373,15
DA:374,15
DA:375,15
DA:376,15
DA:377,15
DA:378,15
DA:379,15
DA:380,15
DA:381,15
DA:382,15
DA:383,15
DA:384,15
DA:385,15
DA:386,15
DA:387,15
DA:388,15
DA:389,15
DA:390,15
DA:391,15
DA:392,15
DA:393,15
DA:394,15
DA:395,15
DA:396,15
DA:397,15
DA:398,15
DA:399,15
DA:400,15
DA:401,15
DA:402,15
DA:403,15
DA:404,15
DA:405,15
DA:406,15
DA:407,15
DA:408,15
DA:409,15
DA:410,15
DA:411,15
DA:412,15
DA:413,15
DA:414,15
DA:415,15
DA:416,15
DA:417,15
DA:418,15
DA:419,15
DA:420,15
DA:421,15
DA:422,15
DA:423,15
DA:424,15
DA:425,15
DA:426,15
DA:427,15
DA:428,15
DA:429,15
DA:430,15
DA:431,15
DA:432,15
DA:433,15
DA:434,15
DA:435,15
DA:436,15
DA:437,15
DA:438,15
DA:439,15
DA:440,15
DA:441,15
DA:442,15
DA:443,15
DA:444,15
DA:445,15
DA:446,15
DA:447,15
DA:448,15
DA:449,15
DA:450,15
DA:451,15
DA:452,15
DA:453,15
DA:454,15
DA:455,15
DA:456,15
DA:457,15
DA:458,15
DA:459,15
DA:460,15
DA:461,15
DA:462,15
DA:463,15
DA:464,15
DA:465,15
DA:466,15
DA:467,15
DA:468,17
DA:469,17
DA:470,17
DA:471,17
DA:472,17
DA:473,17
DA:474,17
DA:475,17
DA:476,17
DA:477,17
DA:478,17
DA:479,17
DA:480,17
DA:481,17
DA:482,17
DA:483,17
DA:484,17
DA:485,17
DA:486,17
DA:487,17
DA:488,17
DA:489,17
DA:490,17
DA:491,17
DA:492,17
DA:493,17
DA:494,17
DA:495,17
DA:496,17
DA:497,17
DA:498,17
DA:499,17
DA:500,17
DA:501,17
DA:502,17
DA:503,17
DA:504,17
DA:505,17
DA:506,17
DA:507,17
DA:508,17
DA:509,17
DA:510,17
DA:511,17
DA:512,17
DA:513,17
DA:514,17
DA:515,17
DA:516,17
DA:517,15
DA:518,2
DA:526,0
DA:527,0
DA:528,0
DA:529,0
DA:530,1
DA:534,22
DA:535,9
DA:536,10
DA:537,13
DA:538,7
DA:539,2
DA:554,0
DA:555,0
DA:556,0
DA:557,0
DA:558,0
DA:559,0
DA:560,0
DA:561,0
DA:562,1
DA:570,0
DA:571,0
DA:572,0
DA:573,0
DA:574,0
DA:575,1
DA:579,21
DA:581,17
DA:583,17
DA:600,17
DA:605,17
DA:607,17
DA:609,17
DA:611,17
DA:613,17
DA:618,17
DA:620,17
DA:622,17
DA:624,17
DA:626,17
DA:628,15
DA:629,2
DA:637,0
DA:638,0
DA:639,0
DA:640,0
DA:641,1
DA:644,41
DA:652,0
LF:655
LH:496
end_of_record
